d:\programowanie\c++\projekt_3_semestr\wow\wow\wow\debug\vc141.pdb
d:\programowanie\c++\projekt_3_semestr\wow\wow\wow\debug\vc141.idb
d:\programowanie\c++\projekt_3_semestr\wow\wow\wow\debug\state.obj
d:\programowanie\c++\projekt_3_semestr\wow\wow\wow\debug\gamestate.obj
d:\programowanie\c++\projekt_3_semestr\wow\wow\wow\debug\game.obj
d:\programowanie\c++\projekt_3_semestr\wow\wow\wow\debug\wow.obj
d:\programowanie\c++\projekt_3_semestr\wow\wow\wow\debug\mainmenustate.obj
d:\programowanie\c++\projekt_3_semestr\wow\wow\wow\debug\button.obj
d:\programowanie\c++\projekt_3_semestr\wow\nowy folder\wow_20\wow\debug\vc141.pdb
d:\programowanie\c++\projekt_3_semestr\wow\nowy folder\wow_20\wow\debug\vc141.idb
d:\programowanie\c++\projekt_3_semestr\wow\nowy folder\wow_20\wow\debug\wow.obj
d:\programowanie\c++\projekt_3_semestr\wow\nowy folder\wow_20\wow\debug\state.obj
d:\programowanie\c++\projekt_3_semestr\wow\nowy folder\wow_20\wow\debug\player.obj
d:\programowanie\c++\projekt_3_semestr\wow\nowy folder\wow_20\wow\debug\mainmenustate.obj
d:\programowanie\c++\projekt_3_semestr\wow\nowy folder\wow_20\wow\debug\gamestate.obj
d:\programowanie\c++\projekt_3_semestr\wow\nowy folder\wow_20\wow\debug\game.obj
d:\programowanie\c++\projekt_3_semestr\wow\nowy folder\wow_20\wow\debug\entity.obj
d:\programowanie\c++\projekt_3_semestr\wow\nowy folder\wow_20\wow\debug\button.obj
d:\programowanie\c++\projekt_3_semestr\wow\nowy folder\wow_20\wow\debug\zombie.obj
d:\programowanie\c++\projekt_3_semestr\wow\nowy folder\wow_20\wow\debug\attack.obj
d:\programowanie\c++\projekt_3_semestr\wow\nowy folder\wow_20\wow\debug\textdisplay.obj
d:\programowanie\c++\projekt_3_semestr\wow\nowy folder\wow_20\wow\debug\coin.obj
d:\programowanie\c++\projekt_3_semestr\wow\nowy folder\wow_20\wow\debug\wall.obj
d:\programowanie\c++\projekt_3_semestr\wow\nowy folder\wow_20\wow\debug\enemy.obj
d:\programowanie\c++\projekt_3_semestr\wow\nowy folder\wow_20\wow\debug\instructionstate.obj
d:\programowanie\c++\projekt_3_semestr\wow\nowy folder\wow_20\wow\debug\levelstate.obj
d:\programowanie\c++\projekt_3_semestr\wow\nowy folder\wow_20\wow\debug\random.obj
d:\programowanie\c++\projekt_3_semestr\wow\wow\debug\wow.exe
d:\programowanie\c++\projekt_3_semestr\wow\wow\debug\wow.ilk
d:\programowanie\c++\projekt_3_semestr\wow\wow\debug\wow.pdb
d:\programowanie\c++\projekt_3_semestr\wow\nowy folder\wow_20\debug\wow.exe
d:\programowanie\c++\projekt_3_semestr\wow\nowy folder\wow_20\debug\wow.ilk
d:\programowanie\c++\projekt_3_semestr\wow\nowy folder\wow_20\debug\wow.pdb
d:\programowanie\c++\projekt_3_semestr\wow\nowy folder\wow_20\wow\debug\game.obj.enc
d:\programowanie\c++\projekt_3_semestr\wow\nowy folder\wow_20\wow\debug\instructionstate.obj.enc
d:\programowanie\c++\projekt_3_semestr\wow\nowy folder\wow_20\wow\debug\levelstate.obj.enc
d:\programowanie\c++\projekt_3_semestr\wow\nowy folder\wow_20\wow\debug\mainmenustate.obj.enc
d:\programowanie\c++\projekt_3_semestr\wow\nowy folder\wow_20\wow\debug\state.obj.enc
d:\programowanie\c++\projekt_3_semestr\wow\nowy folder\wow_20\wow\debug\wow.tlog\cl.command.1.tlog
d:\programowanie\c++\projekt_3_semestr\wow\nowy folder\wow_20\wow\debug\wow.tlog\cl.read.1.tlog
d:\programowanie\c++\projekt_3_semestr\wow\nowy folder\wow_20\wow\debug\wow.tlog\cl.write.1.tlog
d:\programowanie\c++\projekt_3_semestr\wow\nowy folder\wow_20\wow\debug\wow.tlog\link.command.1.tlog
d:\programowanie\c++\projekt_3_semestr\wow\nowy folder\wow_20\wow\debug\wow.tlog\link.read.1.tlog
d:\programowanie\c++\projekt_3_semestr\wow\nowy folder\wow_20\wow\debug\wow.tlog\link.write.1.tlog
